0 info it worked if it ends with ok
1 verbose cli [ '/home/yawn/nvm/v0.8.8/bin/node',
1 verbose cli   '/home/yawn/nvm/v0.8.8/bin/npm',
1 verbose cli   'start' ]
2 info using npm@1.1.59
3 info using node@v0.8.8
4 verbose read json /home/yawn/Codes/Owl/package.json
5 verbose run-script [ 'prestart', 'start', 'poststart' ]
6 info prestart owl@0.0.12
7 info start owl@0.0.12
8 verbose unsafe-perm in lifecycle true
9 silly exec sh "-c" "node app.js"
10 silly sh,-c,node app.js,/home/yawn/Codes/Owl spawning
11 info owl@0.0.12 Failed to exec start script
12 error owl@0.0.12 start: `node app.js`
12 error `sh "-c" "node app.js"` failed with 1
13 error Failed at the owl@0.0.12 start script.
13 error This is most likely a problem with the owl package,
13 error not with npm itself.
13 error Tell the author that this fails on your system:
13 error     node app.js
13 error You can get their info via:
13 error     npm owner ls owl
13 error There is likely additional logging output above.
14 error System Linux 3.4.7-1-ARCH
15 error command "/home/yawn/nvm/v0.8.8/bin/node" "/home/yawn/nvm/v0.8.8/bin/npm" "start"
16 error cwd /home/yawn/Codes/Owl
17 error node -v v0.8.8
18 error npm -v 1.1.59
19 error code ELIFECYCLE
20 verbose exit [ 1, true ]
